2022-12-19T20:24:56.481+0800	INFO	logger/logger.go:53	初始化logger完成
2022-12-19T20:24:56.489+0800	INFO	k8s-clientset/k8s_client.go:57	集群Cluster-1: 创建K8s Client成功 
2022-12-19T20:24:56.909+0800	INFO	db/initDB.go:58	连接数据库成功!
2022-12-19T20:27:34.496+0800	INFO	logger/logger.go:95	/	{"status": 400, "method": "GET", "path": "/", "query": "", "ip": "127.0.0.1", "user-agent": "ApiPOST Runtime +https://www.apipost.cn", "errors": "", "cost": 0.000117401}
2022-12-19T20:27:47.641+0800	INFO	logger/logger.go:95	/ping	{"status": 400, "method": "GET", "path": "/ping", "query": "", "ip": "127.0.0.1", "user-agent": "ApiPOST Runtime +https://www.apipost.cn", "errors": "", "cost": 0.000303705}
2022-12-19T20:28:35.910+0800	INFO	aBais/main.go:46	Gin Server成功退出
2022-12-19T20:28:35.910+0800	INFO	db/initDB.go:63	关闭数据库连接
2022-12-19T20:30:10.106+0800	INFO	logger/logger.go:53	初始化logger完成
2022-12-19T20:30:10.117+0800	INFO	k8s-clientset/k8s_client.go:57	集群Cluster-1: 创建K8s Client成功 
2022-12-19T20:30:10.382+0800	INFO	db/initDB.go:58	连接数据库成功!
2022-12-19T20:37:04.721+0800	INFO	aBais/main.go:46	Gin Server成功退出
2022-12-19T20:37:04.722+0800	INFO	db/initDB.go:63	关闭数据库连接
2022-12-19T20:37:14.851+0800	INFO	logger/logger.go:53	初始化logger完成
2022-12-19T20:37:14.856+0800	INFO	k8s-clientset/k8s_client.go:57	集群Cluster-1: 创建K8s Client成功 
2022-12-19T20:37:15.161+0800	INFO	db/initDB.go:58	连接数据库成功!
2022-12-19T20:39:52.889+0800	ERROR	k8s-clientset/k8s_client.go:69	集群不存在
2022-12-19T20:39:52.889+0800	ERROR	node/get_node.go:26	C-GetNodes 获取k8s的client失败	{"error": "集群: 不存在, 无法获取client"}
2022-12-19T20:39:52.889+0800	INFO	logger/logger.go:95	/api/v1/k8s/nodes	{"status": 500, "method": "GET", "path": "/api/v1/k8s/nodes", "query": "", "ip": "127.0.0.1", "user-agent": "ApiPOST Runtime +https://www.apipost.cn", "errors": "", "cost": 0.000740013}
2022-12-19T20:42:14.008+0800	ERROR	k8s-clientset/k8s_client.go:69	集群不存在
2022-12-19T20:42:14.009+0800	ERROR	node/get_node.go:26	C-GetNodes 获取k8s的client失败	{"error": "集群: 不存在, 无法获取client"}
2022-12-19T20:42:14.009+0800	INFO	logger/logger.go:95	/api/v1/k8s/nodes	{"status": 500, "method": "GET", "path": "/api/v1/k8s/nodes", "query": "", "ip": "127.0.0.1", "user-agent": "ApiPOST Runtime +https://www.apipost.cn", "errors": "", "cost": 0.000889115}
2022-12-19T20:42:22.520+0800	INFO	aBais/main.go:46	Gin Server成功退出
2022-12-19T20:42:22.520+0800	INFO	db/initDB.go:63	关闭数据库连接
2022-12-19T20:42:34.256+0800	INFO	logger/logger.go:54	初始化logger完成
2022-12-19T20:42:34.269+0800	INFO	k8s-clientset/k8s_client.go:57	集群Cluster-1: 创建K8s Client成功 
2022-12-19T20:42:34.568+0800	INFO	db/initDB.go:58	连接数据库成功!
2022-12-19T20:42:39.083+0800	ERROR	k8s-clientset/k8s_client.go:69	集群不存在
2022-12-19T20:42:39.083+0800	ERROR	node/get_node.go:26	C-GetNodes 获取k8s的client失败	{"error": "集群: 不存在, 无法获取client"}
2022-12-19T20:42:39.087+0800	INFO	logger/logger.go:96	/api/v1/k8s/nodes	{"status": 500, "method": "GET", "path": "/api/v1/k8s/nodes", "query": "", "ip": "127.0.0.1", "user-agent": "ApiPOST Runtime +https://www.apipost.cn", "errors": "", "cost": 0.004229771}
2022-12-19T20:43:04.686+0800	ERROR	k8s-clientset/k8s_client.go:69	集群不存在
2022-12-19T20:43:04.686+0800	ERROR	node/get_node.go:26	C-GetNodes 获取k8s的client失败	{"error": "集群: 不存在, 无法获取client"}
2022-12-19T20:43:04.686+0800	INFO	logger/logger.go:96	/api/v1/k8s/nodes	{"status": 500, "method": "GET", "path": "/api/v1/k8s/nodes", "query": "", "ip": "127.0.0.1", "user-agent": "ApiPOST Runtime +https://www.apipost.cn", "errors": "", "cost": 0.000396007}
2022-12-19T20:43:09.020+0800	INFO	aBais/main.go:46	Gin Server成功退出
2022-12-19T20:43:09.020+0800	INFO	db/initDB.go:63	关闭数据库连接
2022-12-19T20:43:24.674+0800	INFO	logger/logger.go:54	初始化logger完成
2022-12-19T20:43:24.679+0800	INFO	k8s-clientset/k8s_client.go:57	集群Cluster-1: 创建K8s Client成功 
2022-12-19T20:43:24.872+0800	INFO	db/initDB.go:58	连接数据库成功!
2022-12-19T20:43:30.627+0800	ERROR	k8s-clientset/k8s_client.go:69	集群不存在
2022-12-19T20:43:30.628+0800	ERROR	node/get_node.go:26	C-GetNodes 获取k8s的client失败	{"error": "集群: 不存在, 无法获取client"}
2022-12-19T20:43:30.628+0800	INFO	logger/logger.go:96	/api/v1/k8s/nodes	{"status": 500, "method": "GET", "path": "/api/v1/k8s/nodes", "query": "", "ip": "127.0.0.1", "user-agent": "ApiPOST Runtime +https://www.apipost.cn", "errors": "", "cost": 0.000342606}
2022-12-19T20:45:06.815+0800	INFO	aBais/main.go:46	Gin Server成功退出
2022-12-19T20:45:06.815+0800	INFO	db/initDB.go:63	关闭数据库连接
{"level":"INFO","time":"2022-12-19T20:45:51.711+0800","caller":"logger/logger.go:54","msg":"初始化logger完成"}
{"level":"INFO","time":"2022-12-19T20:45:51.718+0800","caller":"k8s-clientset/k8s_client.go:57","msg":"集群Cluster-1: 创建K8s Client成功 "}
{"level":"INFO","time":"2022-12-19T20:45:51.937+0800","caller":"db/initDB.go:58","msg":"连接数据库成功!"}
{"level":"ERROR","time":"2022-12-19T20:45:56.229+0800","caller":"k8s-clientset/k8s_client.go:69","msg":"集群不存在"}
{"level":"ERROR","time":"2022-12-19T20:45:56.230+0800","caller":"node/get_node.go:26","msg":"C-GetNodes 获取k8s的client失败","error":"集群: 不存在, 无法获取client"}
{"level":"INFO","time":"2022-12-19T20:45:56.230+0800","caller":"logger/logger.go:96","msg":"/api/v1/k8s/nodes","status":500,"method":"GET","path":"/api/v1/k8s/nodes","query":"","ip":"127.0.0.1","user-agent":"ApiPOST Runtime +https://www.apipost.cn","errors":"","cost":0.001543926}
{"level":"INFO","time":"2022-12-19T20:46:26.582+0800","caller":"aBais/main.go:46","msg":"Gin Server成功退出"}
{"level":"INFO","time":"2022-12-19T20:46:26.582+0800","caller":"db/initDB.go:63","msg":"关闭数据库连接"}
2022-12-19T20:46:35.006+0800	INFO	logger/logger.go:54	初始化logger完成
2022-12-19T20:46:35.009+0800	INFO	k8s-clientset/k8s_client.go:57	集群Cluster-1: 创建K8s Client成功 
2022-12-19T20:46:35.218+0800	INFO	db/initDB.go:58	连接数据库成功!
2022-12-19T20:46:40.256+0800	ERROR	k8s-clientset/k8s_client.go:69	集群不存在
2022-12-19T20:46:40.256+0800	ERROR	node/get_node.go:26	C-GetNodes 获取k8s的client失败	{"error": "集群: 不存在, 无法获取client"}
2022-12-19T20:46:40.256+0800	INFO	logger/logger.go:96	/api/v1/k8s/nodes	{"status": 500, "method": "GET", "path": "/api/v1/k8s/nodes", "query": "", "ip": "127.0.0.1", "user-agent": "ApiPOST Runtime +https://www.apipost.cn", "errors": "", "cost": 0.00059111}
2022-12-19T20:48:09.025+0800	INFO	aBais/main.go:46	Gin Server成功退出
2022-12-19T20:48:09.025+0800	INFO	db/initDB.go:63	关闭数据库连接
2022-12-19T20:48:17.718+0800	INFO	logger/logger.go:54	初始化logger完成
2022-12-19T20:48:17.721+0800	INFO	k8s-clientset/k8s_client.go:57	集群Cluster-1: 创建K8s Client成功 
2022-12-19T20:48:17.924+0800	INFO	db/initDB.go:58	连接数据库成功!
2022-12-19T20:48:22.622+0800	ERROR	k8s-clientset/k8s_client.go:69	集群不存在
2022-12-19T20:48:22.622+0800	ERROR	node/get_node.go:26	C-GetNodes 获取k8s的client失败	{"error": "集群: 不存在, 无法获取client"}
2022-12-19T20:48:22.623+0800	INFO	logger/logger.go:96	/api/v1/k8s/nodes	{"status": 500, "method": "GET", "path": "/api/v1/k8s/nodes", "query": "", "ip": "127.0.0.1", "user-agent": "ApiPOST Runtime +https://www.apipost.cn", "errors": "", "cost": 0.001573427}
2022-12-19T20:48:31.184+0800	INFO	aBais/main.go:46	Gin Server成功退出
2022-12-19T20:48:31.184+0800	INFO	db/initDB.go:63	关闭数据库连接
2022-12-19T20:49:31.583+0800	INFO	logger/logger.go:54	初始化logger完成
2022-12-19T20:49:31.591+0800	INFO	k8s-clientset/k8s_client.go:57	集群Cluster-1: 创建K8s Client成功 
2022-12-19T20:49:31.800+0800	INFO	db/initDB.go:58	连接数据库成功!
2022-12-19T20:49:55.194+0800	ERROR	k8s-clientset/k8s_client.go:69	集群不存在
2022-12-19T20:49:55.194+0800	ERROR	node/get_node.go:26	C-GetNodes 获取k8s的client失败	{"error": "集群: 不存在, 无法获取client"}
2022-12-19T20:49:55.195+0800	INFO	logger/logger.go:96	/api/v1/k8s/nodes	{"status": 500, "method": "GET", "path": "/api/v1/k8s/nodes", "query": "", "ip": "127.0.0.1", "user-agent": "ApiPOST Runtime +https://www.apipost.cn", "errors": "", "cost": 0.000744612}
2022-12-19T20:55:40.888+0800	ERROR	k8s-clientset/k8s_client.go:69	集群不存在
2022-12-19T20:55:40.888+0800	ERROR	node/get_node.go:26	C-GetNodes 获取k8s的client失败	{"error": "集群: 不存在, 无法获取client"}
2022-12-19T20:55:40.888+0800	INFO	logger/logger.go:96	/api/v1/k8s/nodes	{"status": 500, "method": "GET", "path": "/api/v1/k8s/nodes", "query": "", "ip": "127.0.0.1", "user-agent": "ApiPOST Runtime +https://www.apipost.cn", "errors": "", "cost": 0.000669611}
2022-12-19T20:56:16.822+0800	ERROR	k8s-clientset/k8s_client.go:69	集群不存在
2022-12-19T20:56:16.822+0800	ERROR	node/get_node.go:26	C-GetNodes 获取k8s的client失败	{"error": "集群: 不存在, 无法获取client"}
2022-12-19T20:56:16.822+0800	INFO	logger/logger.go:96	/api/v1/k8s/nodes	{"status": 500, "method": "GET", "path": "/api/v1/k8s/nodes", "query": "", "ip": "127.0.0.1", "user-agent": "ApiPOST Runtime +https://www.apipost.cn", "errors": "", "cost": 0.000848114}
2022-12-19T21:00:59.438+0800	INFO	logger/logger.go:96	/api/v1/k8s/nodes	{"status": 200, "method": "GET", "path": "/api/v1/k8s/nodes", "query": "", "ip": "127.0.0.1", "user-agent": "ApiPOST Runtime +https://www.apipost.cn", "errors": "", "cost": 0.159202619}
2022-12-19T21:02:25.493+0800	INFO	aBais/main.go:46	Gin Server成功退出
2022-12-19T21:02:25.493+0800	INFO	db/initDB.go:63	关闭数据库连接
